src/app/admin/dashboard/page.tsx(23,8): error TS2307: Cannot find module '@/components/ui/table' or its corresponding type declarations.
src/app/admin/dashboard/page.tsx(31,8): error TS2307: Cannot find module '@/components/ui/dropdown-menu' or its corresponding type declarations.
src/app/leaderboard/page.tsx(156,49): error TS2322: Type '{ fallback: string; size: string; className: string; }' is not assignable to type 'IntrinsicAttributes & Omit<AvatarProps & RefAttributes<HTMLSpanElement>, "ref"> & RefAttributes<HTMLSpanElement>'.
  Property 'fallback' does not exist on type 'IntrinsicAttributes & Omit<AvatarProps & RefAttributes<HTMLSpanElement>, "ref"> & RefAttributes<HTMLSpanElement>'.
src/app/leaderboard/page.tsx(251,73): error TS2322: Type '{ fallback: string; size: string; }' is not assignable to type 'IntrinsicAttributes & Omit<AvatarProps & RefAttributes<HTMLSpanElement>, "ref"> & RefAttributes<HTMLSpanElement>'.
  Property 'fallback' does not exist on type 'IntrinsicAttributes & Omit<AvatarProps & RefAttributes<HTMLSpanElement>, "ref"> & RefAttributes<HTMLSpanElement>'.
src/components/navbar.tsx(20,26): error TS2307: Cannot find module 'next-themes' or its corresponding type declarations.
src/components/navbar.tsx(29,8): error TS2307: Cannot find module '@/components/ui/dropdown-menu' or its corresponding type declarations.
src/components/theme-provider.tsx(4,53): error TS2307: Cannot find module 'next-themes' or its corresponding type declarations.
src/components/theme-provider.tsx(5,41): error TS2307: Cannot find module 'next-themes/dist/types' or its corresponding type declarations.
